\BOOKMARK [1][-]{section.1}{\376\377\000I\000n\000t\000r\000o\000d\000u\000c\000t\000i\000o\000n}{}% 1
\BOOKMARK [2][-]{subsection.1.1}{\376\377\000B\000a\000c\000k\000g\000r\000o\000u\000n\000d\000\040\000a\000n\000d\000\040\000M\000o\000t\000i\000v\000a\000t\000i\000o\000n}{section.1}% 2
\BOOKMARK [2][-]{subsection.1.2}{\376\377\000R\000e\000l\000a\000t\000e\000d\000\040\000W\000o\000r\000k}{section.1}% 3
\BOOKMARK [3][-]{subsubsection.1.2.1}{\376\377\000C\000l\000a\000s\000s\000i\000c\000a\000l\000\040\000M\000a\000c\000h\000i\000n\000e\000\040\000L\000e\000a\000r\000n\000i\000n\000g\000\040\000A\000p\000p\000r\000o\000a\000c\000h\000e\000s}{subsection.1.2}% 4
\BOOKMARK [3][-]{subsubsection.1.2.2}{\376\377\000D\000e\000e\000p\000\040\000L\000e\000a\000r\000n\000i\000n\000g\000\040\000f\000o\000r\000\040\000T\000i\000m\000e\000\040\000S\000e\000r\000i\000e\000s}{subsection.1.2}% 5
\BOOKMARK [3][-]{subsubsection.1.2.3}{\376\377\000I\000m\000a\000g\000e\000-\000B\000a\000s\000e\000d\000\040\000C\000l\000a\000s\000s\000i\000f\000i\000c\000a\000t\000i\000o\000n}{subsection.1.2}% 6
\BOOKMARK [3][-]{subsubsection.1.2.4}{\376\377\000E\000c\000l\000i\000p\000s\000i\000n\000g\000\040\000B\000i\000n\000a\000r\000y\000\040\000S\000p\000e\000c\000i\000f\000i\000c\000\040\000S\000t\000u\000d\000i\000e\000s}{subsection.1.2}% 7
\BOOKMARK [3][-]{subsubsection.1.2.5}{\376\377\000L\000i\000g\000h\000t\000w\000e\000i\000g\000h\000t\000\040\000A\000r\000c\000h\000i\000t\000e\000c\000t\000u\000r\000e\000s}{subsection.1.2}% 8
\BOOKMARK [2][-]{subsection.1.3}{\376\377\000C\000o\000n\000t\000r\000i\000b\000u\000t\000i\000o\000n\000s}{section.1}% 9
\BOOKMARK [2][-]{subsection.1.4}{\376\377\000P\000a\000p\000e\000r\000\040\000O\000r\000g\000a\000n\000i\000z\000a\000t\000i\000o\000n}{section.1}% 10
\BOOKMARK [1][-]{section.2}{\376\377\000M\000e\000t\000h\000o\000d\000o\000l\000o\000g\000y}{}% 11
\BOOKMARK [2][-]{subsection.2.1}{\376\377\000D\000a\000t\000a\000\040\000A\000c\000q\000u\000i\000s\000i\000t\000i\000o\000n\000\040\000A\000r\000c\000h\000i\000t\000e\000c\000t\000u\000r\000e}{section.2}% 12
\BOOKMARK [3][-]{subsubsection.2.1.1}{\376\377\000S\000o\000u\000r\000c\000e\000\040\000C\000a\000t\000a\000l\000o\000g\000\040\000C\000o\000n\000s\000t\000r\000u\000c\000t\000i\000o\000n}{subsection.2.1}% 13
\BOOKMARK [3][-]{subsubsection.2.1.2}{\376\377\000M\000u\000l\000t\000i\000-\000T\000h\000r\000e\000a\000d\000e\000d\000\040\000P\000a\000r\000a\000l\000l\000e\000l\000\040\000D\000o\000w\000n\000l\000o\000a\000d}{subsection.2.1}% 14
\BOOKMARK [3][-]{subsubsection.2.1.3}{\376\377\000D\000a\000t\000a\000\040\000Q\000u\000a\000l\000i\000t\000y\000\040\000F\000i\000l\000t\000e\000r\000i\000n\000g}{subsection.2.1}% 15
\BOOKMARK [2][-]{subsection.2.2}{\376\377\000L\000i\000g\000h\000t\000\040\000C\000u\000r\000v\000e\000\040\000P\000r\000e\000p\000r\000o\000c\000e\000s\000s\000i\000n\000g}{section.2}% 16
\BOOKMARK [3][-]{subsubsection.2.2.1}{\376\377\000P\000e\000r\000i\000o\000d\000\040\000E\000s\000t\000i\000m\000a\000t\000i\000o\000n}{subsection.2.2}% 17
\BOOKMARK [3][-]{subsubsection.2.2.2}{\376\377\000P\000h\000a\000s\000e\000\040\000F\000o\000l\000d\000i\000n\000g\000\040\000a\000n\000d\000\040\000N\000o\000r\000m\000a\000l\000i\000z\000a\000t\000i\000o\000n}{subsection.2.2}% 18
\BOOKMARK [3][-]{subsubsection.2.2.3}{\376\377\000I\000m\000a\000g\000e\000\040\000G\000e\000n\000e\000r\000a\000t\000i\000o\000n}{subsection.2.2}% 19
\BOOKMARK [2][-]{subsection.2.3}{\376\377\000D\000a\000t\000a\000s\000e\000t\000\040\000C\000o\000n\000s\000t\000r\000u\000c\000t\000i\000o\000n}{section.2}% 20
\BOOKMARK [3][-]{subsubsection.2.3.1}{\376\377\000C\000l\000a\000s\000s\000\040\000D\000e\000f\000i\000n\000i\000t\000i\000o\000n\000s}{subsection.2.3}% 21
\BOOKMARK [3][-]{subsubsection.2.3.2}{\376\377\000S\000t\000r\000a\000t\000i\000f\000i\000e\000d\000\040\000S\000p\000l\000i\000t\000t\000i\000n\000g}{subsection.2.3}% 22
\BOOKMARK [3][-]{subsubsection.2.3.3}{\376\377\000D\000a\000t\000a\000\040\000A\000u\000g\000m\000e\000n\000t\000a\000t\000i\000o\000n}{subsection.2.3}% 23
\BOOKMARK [2][-]{subsection.2.4}{\376\377\000M\000o\000d\000e\000l\000\040\000A\000r\000c\000h\000i\000t\000e\000c\000t\000u\000r\000e\000s}{section.2}% 24
\BOOKMARK [3][-]{subsubsection.2.4.1}{\376\377\000G\000h\000o\000s\000t\000N\000e\000t\000\040\000A\000r\000c\000h\000i\000t\000e\000c\000t\000u\000r\000e}{subsection.2.4}% 25
\BOOKMARK [3][-]{subsubsection.2.4.2}{\376\377\000M\000o\000b\000i\000l\000e\000N\000e\000t\000V\0002\000\040\000A\000r\000c\000h\000i\000t\000e\000c\000t\000u\000r\000e}{subsection.2.4}% 26
\BOOKMARK [3][-]{subsubsection.2.4.3}{\376\377\000S\000i\000n\000g\000l\000e\000-\000C\000h\000a\000n\000n\000e\000l\000\040\000A\000d\000a\000p\000t\000a\000t\000i\000o\000n}{subsection.2.4}% 27
\BOOKMARK [2][-]{subsection.2.5}{\376\377\000T\000r\000a\000i\000n\000i\000n\000g\000\040\000P\000r\000o\000t\000o\000c\000o\000l}{section.2}% 28
\BOOKMARK [3][-]{subsubsection.2.5.1}{\376\377\000O\000p\000t\000i\000m\000i\000z\000a\000t\000i\000o\000n}{subsection.2.5}% 29
\BOOKMARK [3][-]{subsubsection.2.5.2}{\376\377\000L\000e\000a\000r\000n\000i\000n\000g\000\040\000R\000a\000t\000e\000\040\000S\000c\000h\000e\000d\000u\000l\000i\000n\000g}{subsection.2.5}% 30
\BOOKMARK [3][-]{subsubsection.2.5.3}{\376\377\000L\000o\000s\000s\000\040\000F\000u\000n\000c\000t\000i\000o\000n}{subsection.2.5}% 31
\BOOKMARK [3][-]{subsubsection.2.5.4}{\376\377\000M\000i\000x\000e\000d\000\040\000P\000r\000e\000c\000i\000s\000i\000o\000n\000\040\000T\000r\000a\000i\000n\000i\000n\000g}{subsection.2.5}% 32
\BOOKMARK [3][-]{subsubsection.2.5.5}{\376\377\000T\000r\000a\000i\000n\000i\000n\000g\000\040\000L\000o\000o\000p}{subsection.2.5}% 33
\BOOKMARK [2][-]{subsection.2.6}{\376\377\000I\000n\000f\000e\000r\000e\000n\000c\000e\000\040\000a\000n\000d\000\040\000E\000v\000a\000l\000u\000a\000t\000i\000o\000n}{section.2}% 34
\BOOKMARK [3][-]{subsubsection.2.6.1}{\376\377\000B\000a\000t\000c\000h\000\040\000I\000n\000f\000e\000r\000e\000n\000c\000e}{subsection.2.6}% 35
\BOOKMARK [3][-]{subsubsection.2.6.2}{\376\377\000E\000v\000a\000l\000u\000a\000t\000i\000o\000n\000\040\000M\000e\000t\000r\000i\000c\000s}{subsection.2.6}% 36
\BOOKMARK [1][-]{section.3}{\376\377\000E\000x\000p\000e\000r\000i\000m\000e\000n\000t\000a\000l\000\040\000S\000e\000t\000u\000p}{}% 37
\BOOKMARK [2][-]{subsection.3.1}{\376\377\000D\000a\000t\000a\000s\000e\000t\000\040\000C\000h\000a\000r\000a\000c\000t\000e\000r\000i\000s\000t\000i\000c\000s}{section.3}% 38
\BOOKMARK [3][-]{subsubsection.3.1.1}{\376\377\000D\000a\000t\000a\000s\000e\000t\000\040\000S\000t\000a\000t\000i\000s\000t\000i\000c\000s}{subsection.3.1}% 39
\BOOKMARK [3][-]{subsubsection.3.1.2}{\376\377\000M\000a\000g\000n\000i\000t\000u\000d\000e\000\040\000a\000n\000d\000\040\000P\000e\000r\000i\000o\000d\000\040\000D\000i\000s\000t\000r\000i\000b\000u\000t\000i\000o\000n\000s}{subsection.3.1}% 40
\BOOKMARK [3][-]{subsubsection.3.1.3}{\376\377\000P\000h\000o\000t\000o\000m\000e\000t\000r\000i\000c\000\040\000Q\000u\000a\000l\000i\000t\000y}{subsection.3.1}% 41
\BOOKMARK [2][-]{subsection.3.2}{\376\377\000I\000m\000p\000l\000e\000m\000e\000n\000t\000a\000t\000i\000o\000n\000\040\000D\000e\000t\000a\000i\000l\000s}{section.3}% 42
\BOOKMARK [2][-]{subsection.3.3}{\376\377\000T\000r\000a\000i\000n\000i\000n\000g\000\040\000C\000o\000n\000f\000i\000g\000u\000r\000a\000t\000i\000o\000n}{section.3}% 43
\BOOKMARK [1][-]{section.4}{\376\377\000R\000e\000s\000u\000l\000t\000s}{}% 44
\BOOKMARK [2][-]{subsection.4.1}{\376\377\000O\000v\000e\000r\000a\000l\000l\000\040\000C\000l\000a\000s\000s\000i\000f\000i\000c\000a\000t\000i\000o\000n\000\040\000P\000e\000r\000f\000o\000r\000m\000a\000n\000c\000e}{section.4}% 45
\BOOKMARK [2][-]{subsection.4.2}{\376\377\000C\000o\000n\000f\000u\000s\000i\000o\000n\000\040\000M\000a\000t\000r\000i\000x\000\040\000A\000n\000a\000l\000y\000s\000i\000s}{section.4}% 46
\BOOKMARK [2][-]{subsection.4.3}{\376\377\000M\000o\000d\000e\000l\000\040\000C\000o\000m\000p\000l\000e\000x\000i\000t\000y\000\040\000C\000o\000m\000p\000a\000r\000i\000s\000o\000n}{section.4}% 47
\BOOKMARK [2][-]{subsection.4.4}{\376\377\000T\000r\000a\000i\000n\000i\000n\000g\000\040\000C\000o\000n\000v\000e\000r\000g\000e\000n\000c\000e}{section.4}% 48
\BOOKMARK [2][-]{subsection.4.5}{\376\377\000A\000b\000l\000a\000t\000i\000o\000n\000\040\000S\000t\000u\000d\000i\000e\000s}{section.4}% 49
\BOOKMARK [3][-]{subsubsection.4.5.1}{\376\377\000E\000f\000f\000e\000c\000t\000\040\000o\000f\000\040\000P\000r\000e\000t\000r\000a\000i\000n\000e\000d\000\040\000W\000e\000i\000g\000h\000t\000s}{subsection.4.5}% 50
\BOOKMARK [3][-]{subsubsection.4.5.2}{\376\377\000E\000f\000f\000e\000c\000t\000\040\000o\000f\000\040\000L\000a\000b\000e\000l\000\040\000S\000m\000o\000o\000t\000h\000i\000n\000g}{subsection.4.5}% 51
\BOOKMARK [3][-]{subsubsection.4.5.3}{\376\377\000E\000f\000f\000e\000c\000t\000\040\000o\000f\000\040\000D\000a\000t\000a\000\040\000A\000u\000g\000m\000e\000n\000t\000a\000t\000i\000o\000n}{subsection.4.5}% 52
\BOOKMARK [1][-]{section.5}{\376\377\000D\000i\000s\000c\000u\000s\000s\000i\000o\000n}{}% 53
\BOOKMARK [2][-]{subsection.5.1}{\376\377\000I\000n\000t\000e\000r\000p\000r\000e\000t\000a\000t\000i\000o\000n\000\040\000o\000f\000\040\000R\000e\000s\000u\000l\000t\000s}{section.5}% 54
\BOOKMARK [2][-]{subsection.5.2}{\376\377\000C\000o\000m\000p\000a\000r\000i\000s\000o\000n\000\040\000w\000i\000t\000h\000\040\000P\000r\000i\000o\000r\000\040\000W\000o\000r\000k}{section.5}% 55
\BOOKMARK [2][-]{subsection.5.3}{\376\377\000D\000e\000t\000a\000i\000l\000e\000d\000\040\000E\000r\000r\000o\000r\000\040\000A\000n\000a\000l\000y\000s\000i\000s}{section.5}% 56
\BOOKMARK [3][-]{subsubsection.5.3.1}{\376\377\000M\000o\000r\000p\000h\000o\000l\000o\000g\000i\000c\000a\000l\000\040\000A\000m\000b\000i\000g\000u\000i\000t\000y}{subsection.5.3}% 57
\BOOKMARK [3][-]{subsubsection.5.3.2}{\376\377\000D\000a\000t\000a\000\040\000Q\000u\000a\000l\000i\000t\000y\000\040\000E\000f\000f\000e\000c\000t\000s}{subsection.5.3}% 58
\BOOKMARK [3][-]{subsubsection.5.3.3}{\376\377\000P\000e\000r\000i\000o\000d\000\040\000A\000l\000i\000a\000s\000i\000n\000g}{subsection.5.3}% 59
\BOOKMARK [2][-]{subsection.5.4}{\376\377\000C\000o\000m\000p\000a\000r\000i\000s\000o\000n\000\040\000w\000i\000t\000h\000\040\000A\000l\000t\000e\000r\000n\000a\000t\000i\000v\000e\000\040\000A\000p\000p\000r\000o\000a\000c\000h\000e\000s}{section.5}% 60
\BOOKMARK [3][-]{subsubsection.5.4.1}{\376\377\000F\000e\000a\000t\000u\000r\000e\000-\000B\000a\000s\000e\000d\000\040\000C\000l\000a\000s\000s\000i\000f\000i\000c\000a\000t\000i\000o\000n}{subsection.5.4}% 61
\BOOKMARK [3][-]{subsubsection.5.4.2}{\376\377\000R\000e\000c\000u\000r\000r\000e\000n\000t\000\040\000N\000e\000u\000r\000a\000l\000\040\000N\000e\000t\000w\000o\000r\000k\000s}{subsection.5.4}% 62
\BOOKMARK [2][-]{subsection.5.5}{\376\377\000L\000i\000m\000i\000t\000a\000t\000i\000o\000n\000s\000\040\000a\000n\000d\000\040\000F\000u\000t\000u\000r\000e\000\040\000W\000o\000r\000k}{section.5}% 63
\BOOKMARK [2][-]{subsection.5.6}{\376\377\000I\000m\000p\000l\000i\000c\000a\000t\000i\000o\000n\000s\000\040\000f\000o\000r\000\040\000T\000i\000m\000e\000-\000D\000o\000m\000a\000i\000n\000\040\000A\000s\000t\000r\000o\000n\000o\000m\000y}{section.5}% 64
\BOOKMARK [3][-]{subsubsection.5.6.1}{\376\377\000R\000e\000a\000l\000-\000T\000i\000m\000e\000\040\000C\000l\000a\000s\000s\000i\000f\000i\000c\000a\000t\000i\000o\000n\000\040\000S\000y\000s\000t\000e\000m\000s}{subsection.5.6}% 65
\BOOKMARK [3][-]{subsubsection.5.6.2}{\376\377\000P\000r\000i\000o\000r\000i\000t\000i\000z\000a\000t\000i\000o\000n\000\040\000a\000n\000d\000\040\000F\000o\000l\000l\000o\000w\000-\000u\000p\000\040\000O\000p\000t\000i\000m\000i\000z\000a\000t\000i\000o\000n}{subsection.5.6}% 66
\BOOKMARK [3][-]{subsubsection.5.6.3}{\376\377\000S\000y\000s\000t\000e\000m\000a\000t\000i\000c\000\040\000P\000o\000p\000u\000l\000a\000t\000i\000o\000n\000\040\000S\000t\000u\000d\000i\000e\000s}{subsection.5.6}% 67
\BOOKMARK [3][-]{subsubsection.5.6.4}{\376\377\000R\000a\000r\000e\000\040\000a\000n\000d\000\040\000U\000n\000u\000s\000u\000a\000l\000\040\000O\000b\000j\000e\000c\000t\000\040\000D\000i\000s\000c\000o\000v\000e\000r\000y}{subsection.5.6}% 68
\BOOKMARK [1][-]{section.6}{\376\377\000C\000o\000n\000c\000l\000u\000s\000i\000o\000n}{}% 69
\BOOKMARK [2][-]{subsection.6.1}{\376\377\000S\000u\000m\000m\000a\000r\000y\000\040\000o\000f\000\040\000C\000o\000n\000t\000r\000i\000b\000u\000t\000i\000o\000n\000s}{section.6}% 70
\BOOKMARK [2][-]{subsection.6.2}{\376\377\000K\000e\000y\000\040\000F\000i\000n\000d\000i\000n\000g\000s}{section.6}% 71
\BOOKMARK [2][-]{subsection.6.3}{\376\377\000F\000u\000t\000u\000r\000e\000\040\000O\000u\000t\000l\000o\000o\000k}{section.6}% 72
\BOOKMARK [2][-]{subsection.6.4}{\376\377\000B\000r\000o\000a\000d\000e\000r\000\040\000I\000m\000p\000a\000c\000t}{section.6}% 73
\BOOKMARK [1][-]{section.7}{\376\377\000C\000o\000d\000e\000\040\000a\000n\000d\000\040\000D\000a\000t\000a\000\040\000A\000v\000a\000i\000l\000a\000b\000i\000l\000i\000t\000y}{}% 74
